<?xml version="1.0" encoding="UTF-8"?>
<!-- Generated by org.testng.reporters.JUnitReportReporter -->
<testsuite skipped="0" hostname="LAPTOP-LO89C1EV" name="com.test1.tests.MyAccountPageTests" tests="1" failures="0" timestamp="22 Dec 2018 07:20:06 GMT" time="56.929" errors="0">
  <testcase name="testPageTitle" time="56.929" classname="com.test1.tests.MyAccountPageTests"/>
</testsuite> <!-- com.test1.tests.MyAccountPageTests -->
