<?xml version="1.0" encoding="UTF-8"?>
<!-- Generated by org.testng.reporters.JUnitReportReporter -->
<testsuite skipped="0" hostname="LAPTOP-LO89C1EV" name="com.test1.tests.MyAccountPageTests" tests="4" failures="0" timestamp="12 Dec 2018 14:47:06 GMT" time="188.877" errors="0">
  <testcase name="testSuccessfulLogin" time="51.656" classname="com.test1.tests.MyAccountPageTests"/>
  <testcase name="testSuccessfulLogin" time="48.085" classname="com.test1.tests.MyAccountPageTests"/>
  <testcase name="testPageTitle" time="43.905" classname="com.test1.tests.MyAccountPageTests"/>
  <testcase name="testSuccessfulLogin" time="45.231" classname="com.test1.tests.MyAccountPageTests"/>
</testsuite> <!-- com.test1.tests.MyAccountPageTests -->
