<?xml version="1.0" encoding="UTF-8"?>
<!-- Generated by org.testng.reporters.JUnitReportReporter -->
<testsuite skipped="0" hostname="LAPTOP-LO89C1EV" name="com.test1.tests.HomePageTests" tests="1" failures="0" timestamp="12 Dec 2018 14:49:45 GMT" time="39.501" errors="0">
  <testcase name="testPageTitle" time="39.501" classname="com.test1.tests.HomePageTests"/>
</testsuite> <!-- com.test1.tests.HomePageTests -->
