<?xml version="1.0" encoding="UTF-8"?>
<!-- Generated by org.testng.reporters.JUnitReportReporter -->
<testsuite hostname="LAPTOP-LO89C1EV" name="com.test1.tests.ShopPageTests" tests="3" failures="0" timestamp="9 Dec 2018 16:08:36 GMT" time="254.232" errors="0">
  <testcase name="testApplyingSortOrder" time="72.009" classname="com.test1.tests.ShopPageTests"/>
  <testcase name="testPageTitle" time="71.046" classname="com.test1.tests.ShopPageTests"/>
  <testcase name="testApplyingSortOrder" time="111.177" classname="com.test1.tests.ShopPageTests"/>
</testsuite> <!-- com.test1.tests.ShopPageTests -->
